0 info it worked if it ends with ok
1 verbose cli [ '/home/ken/.nvm/versions/node/v4.4.0/bin/node',
1 verbose cli   '/home/ken/.nvm/versions/node/v4.4.0/bin/npm',
1 verbose cli   'start' ]
2 info using npm@2.14.20
3 info using node@v4.4.0
4 verbose run-script [ 'prestart', 'start', 'poststart' ]
5 info prestart p2pspider@0.0.8
6 info start p2pspider@0.0.8
7 verbose unsafe-perm in lifecycle true
8 info p2pspider@0.0.8 Failed to exec start script
9 verbose stack Error: p2pspider@0.0.8 start: `node run/run.js`
9 verbose stack Exit status 1
9 verbose stack     at EventEmitter.<anonymous> (/home/ken/.nvm/versions/node/v4.4.0/lib/node_modules/npm/lib/utils/lifecycle.js:214:16)
9 verbose stack     at emitTwo (events.js:87:13)
9 verbose stack     at EventEmitter.emit (events.js:172:7)
9 verbose stack     at ChildProcess.<anonymous> (/home/ken/.nvm/versions/node/v4.4.0/lib/node_modules/npm/lib/utils/spawn.js:24:14)
9 verbose stack     at emitTwo (events.js:87:13)
9 verbose stack     at ChildProcess.emit (events.js:172:7)
9 verbose stack     at maybeClose (internal/child_process.js:827:16)
9 verbose stack     at Process.ChildProcess._handle.onexit (internal/child_process.js:211:5)
10 verbose pkgid p2pspider@0.0.8
11 verbose cwd /home/ken/Project/p2pspider
12 error Linux 4.2.0-35-generic
13 error argv "/home/ken/.nvm/versions/node/v4.4.0/bin/node" "/home/ken/.nvm/versions/node/v4.4.0/bin/npm" "start"
14 error node v4.4.0
15 error npm  v2.14.20
16 error code ELIFECYCLE
17 error p2pspider@0.0.8 start: `node run/run.js`
17 error Exit status 1
18 error Failed at the p2pspider@0.0.8 start script 'node run/run.js'.
18 error This is most likely a problem with the p2pspider package,
18 error not with npm itself.
18 error Tell the author that this fails on your system:
18 error     node run/run.js
18 error You can get information on how to open an issue for this project with:
18 error     npm bugs p2pspider
18 error Or if that isn't available, you can get their info via:
18 error
18 error     npm owner ls p2pspider
18 error There is likely additional logging output above.
19 verbose exit [ 1, true ]
